<?xml version="1.0" encoding="UTF-8"?>
<testsuite name="basicRestAssured.VerifySchemaTest" tests="1" skipped="0" failures="0" errors="0" timestamp="2022-11-24T23:22:42" hostname="DESKTOP-44KFQER" time="3.871">
  <properties/>
  <testcase name="verifyCreateProject()" classname="basicRestAssured.VerifySchemaTest" time="3.871"/>
  <system-out><![CDATA[Request method:	POST
Request URI:	https://todo.ly/api/projects.json
Proxy:			<none>
Request params:	<none>
Query params:	<none>
Form params:	<none>
Path params:	<none>
Headers:		Authorization=Basic Ym9vdEFQSUBib290QVBJLmNvbToxMjM0NQ==
				Accept=*/*
				Content-Type=text/plain; charset=ISO-8859-1
Cookies:		<none>
Multiparts:		<none>
Body:
{"Content":"Bootcamp"}
HTTP/1.1 200 OK
Cache-Control: no-cache, no-store, must-revalidate
Pragma: no-cache
Content-Type: application/json; charset=utf-8
Expires: -1
Server: Microsoft-IIS/8.0
Set-Cookie: ASP.NET_SessionId=s12lstyhlapb4fms55ziv0of; path=/; HttpOnly; SameSite=Lax
X-AspNetMvc-Version: 2.0
X-AspNet-Version: 4.0.30319
X-Powered-By: ASP.NET
Date: Thu, 24 Nov 2022 23:22:41 GMT
Content-Length: 397

{
    "Id": 4046019,
    "Content": "Bootcamp",
    "ItemsCount": 0,
    "Icon": 0,
    "ItemType": 2,
    "ParentId": null,
    "Collapsed": false,
    "ItemOrder": 36,
    "Children": [
        
    ],
    "IsProjectShared": false,
    "ProjectShareOwnerName": null,
    "ProjectShareOwnerEmail": null,
    "IsShareApproved": false,
    "IsOwnProject": true,
    "LastSyncedDateTime": "/Date(1669332162171)/",
    "LastUpdatedDate": "/Date(1669332162157)/",
    "Deleted": false,
    "SyncClientCreationId": null
}
]]></system-out>
  <system-err><![CDATA[]]></system-err>
</testsuite>
